{"/Users/admin/Downloads/files/app.js": {"path":"/Users/admin/Downloads/files/app.js","statementMap":{"0":{"start":{"line":1,"column":16},"end":{"line":1,"column":34}},"1":{"start":{"line":2,"column":18},"end":{"line":2,"column":47}},"2":{"start":{"line":3,"column":13},"end":{"line":3,"column":30}},"3":{"start":{"line":4,"column":13},"end":{"line":4,"column":28}},"4":{"start":{"line":6,"column":12},"end":{"line":6,"column":21}},"5":{"start":{"line":7,"column":13},"end":{"line":7,"column":37}},"6":{"start":{"line":10,"column":0},"end":{"line":10,"column":24}},"7":{"start":{"line":11,"column":0},"end":{"line":11,"column":48}},"8":{"start":{"line":14,"column":24},"end":{"line":14,"column":71}},"9":{"start":{"line":16,"column":0},"end":{"line":25,"column":2}},"10":{"start":{"line":28,"column":17},"end":{"line":28,"column":26}},"11":{"start":{"line":33,"column":16},"end":{"line":33,"column":62}},"12":{"start":{"line":34,"column":16},"end":{"line":34,"column":28}},"13":{"start":{"line":36,"column":2},"end":{"line":40,"column":3}},"14":{"start":{"line":38,"column":4},"end":{"line":38,"column":73}},"15":{"start":{"line":39,"column":4},"end":{"line":39,"column":81}},"16":{"start":{"line":42,"column":17},"end":{"line":42,"column":25}},"17":{"start":{"line":44,"column":2},"end":{"line":48,"column":3}},"18":{"start":{"line":46,"column":4},"end":{"line":46,"column":31}},"19":{"start":{"line":47,"column":4},"end":{"line":47,"column":72}},"20":{"start":{"line":50,"column":2},"end":{"line":64,"column":3}},"21":{"start":{"line":51,"column":4},"end":{"line":53,"column":5}},"22":{"start":{"line":52,"column":6},"end":{"line":52,"column":55}},"23":{"start":{"line":54,"column":4},"end":{"line":56,"column":5}},"24":{"start":{"line":55,"column":6},"end":{"line":55,"column":83}},"25":{"start":{"line":57,"column":19},"end":{"line":57,"column":39}},"26":{"start":{"line":58,"column":4},"end":{"line":61,"column":5}},"27":{"start":{"line":59,"column":6},"end":{"line":59,"column":33}},"28":{"start":{"line":60,"column":6},"end":{"line":60,"column":53}},"29":{"start":{"line":62,"column":4},"end":{"line":62,"column":31}},"30":{"start":{"line":63,"column":4},"end":{"line":63,"column":74}},"31":{"start":{"line":66,"column":2},"end":{"line":69,"column":3}},"32":{"start":{"line":67,"column":4},"end":{"line":67,"column":31}},"33":{"start":{"line":68,"column":4},"end":{"line":68,"column":58}},"34":{"start":{"line":71,"column":2},"end":{"line":71,"column":29}},"35":{"start":{"line":72,"column":2},"end":{"line":72,"column":49}},"36":{"start":{"line":76,"column":0},"end":{"line":101,"column":3}},"37":{"start":{"line":77,"column":62},"end":{"line":77,"column":70}},"38":{"start":{"line":80,"column":2},"end":{"line":85,"column":3}},"39":{"start":{"line":81,"column":4},"end":{"line":84,"column":7}},"40":{"start":{"line":87,"column":2},"end":{"line":87,"column":88}},"41":{"start":{"line":89,"column":2},"end":{"line":100,"column":3}},"42":{"start":{"line":90,"column":21},"end":{"line":90,"column":67}},"43":{"start":{"line":91,"column":4},"end":{"line":91,"column":69}},"44":{"start":{"line":94,"column":4},"end":{"line":94,"column":42}},"45":{"start":{"line":95,"column":4},"end":{"line":95,"column":30}},"46":{"start":{"line":97,"column":4},"end":{"line":97,"column":40}},"47":{"start":{"line":98,"column":4},"end":{"line":98,"column":42}},"48":{"start":{"line":99,"column":4},"end":{"line":99,"column":73}},"49":{"start":{"line":104,"column":0},"end":{"line":110,"column":3}},"50":{"start":{"line":105,"column":2},"end":{"line":109,"column":5}},"51":{"start":{"line":113,"column":0},"end":{"line":119,"column":1}},"52":{"start":{"line":114,"column":2},"end":{"line":118,"column":5}},"53":{"start":{"line":115,"column":4},"end":{"line":115,"column":56}},"54":{"start":{"line":116,"column":4},"end":{"line":116,"column":65}},"55":{"start":{"line":117,"column":4},"end":{"line":117,"column":63}},"56":{"start":{"line":121,"column":0},"end":{"line":121,"column":21}}},"fnMap":{"0":{"name":"handleUssd","decl":{"start":{"line":31,"column":9},"end":{"line":31,"column":19}},"loc":{"start":{"line":31,"column":56},"end":{"line":73,"column":1}},"line":31},"1":{"name":"(anonymous_1)","decl":{"start":{"line":76,"column":18},"end":{"line":76,"column":19}},"loc":{"start":{"line":76,"column":32},"end":{"line":101,"column":1}},"line":76},"2":{"name":"(anonymous_2)","decl":{"start":{"line":104,"column":19},"end":{"line":104,"column":20}},"loc":{"start":{"line":104,"column":33},"end":{"line":110,"column":1}},"line":104},"3":{"name":"(anonymous_3)","decl":{"start":{"line":114,"column":19},"end":{"line":114,"column":20}},"loc":{"start":{"line":114,"column":25},"end":{"line":118,"column":3}},"line":114}},"branchMap":{"0":{"loc":{"start":{"line":7,"column":13},"end":{"line":7,"column":37}},"type":"binary-expr","locations":[{"start":{"line":7,"column":13},"end":{"line":7,"column":29}},{"start":{"line":7,"column":33},"end":{"line":7,"column":37}}],"line":7},"1":{"loc":{"start":{"line":33,"column":16},"end":{"line":33,"column":62}},"type":"cond-expr","locations":[{"start":{"line":33,"column":36},"end":{"line":33,"column":38}},{"start":{"line":33,"column":41},"end":{"line":33,"column":62}}],"line":33},"2":{"loc":{"start":{"line":36,"column":2},"end":{"line":40,"column":3}},"type":"if","locations":[{"start":{"line":36,"column":2},"end":{"line":40,"column":3}},{"start":{},"end":{}}],"line":36},"3":{"loc":{"start":{"line":44,"column":2},"end":{"line":48,"column":3}},"type":"if","locations":[{"start":{"line":44,"column":2},"end":{"line":48,"column":3}},{"start":{},"end":{}}],"line":44},"4":{"loc":{"start":{"line":50,"column":2},"end":{"line":64,"column":3}},"type":"if","locations":[{"start":{"line":50,"column":2},"end":{"line":64,"column":3}},{"start":{},"end":{}}],"line":50},"5":{"loc":{"start":{"line":51,"column":4},"end":{"line":53,"column":5}},"type":"if","locations":[{"start":{"line":51,"column":4},"end":{"line":53,"column":5}},{"start":{},"end":{}}],"line":51},"6":{"loc":{"start":{"line":54,"column":4},"end":{"line":56,"column":5}},"type":"if","locations":[{"start":{"line":54,"column":4},"end":{"line":56,"column":5}},{"start":{},"end":{}}],"line":54},"7":{"loc":{"start":{"line":58,"column":4},"end":{"line":61,"column":5}},"type":"if","locations":[{"start":{"line":58,"column":4},"end":{"line":61,"column":5}},{"start":{},"end":{}}],"line":58},"8":{"loc":{"start":{"line":58,"column":8},"end":{"line":58,"column":36}},"type":"binary-expr","locations":[{"start":{"line":58,"column":8},"end":{"line":58,"column":21}},{"start":{"line":58,"column":25},"end":{"line":58,"column":36}}],"line":58},"9":{"loc":{"start":{"line":66,"column":2},"end":{"line":69,"column":3}},"type":"if","locations":[{"start":{"line":66,"column":2},"end":{"line":69,"column":3}},{"start":{},"end":{}}],"line":66},"10":{"loc":{"start":{"line":80,"column":2},"end":{"line":85,"column":3}},"type":"if","locations":[{"start":{"line":80,"column":2},"end":{"line":85,"column":3}},{"start":{},"end":{}}],"line":80},"11":{"loc":{"start":{"line":80,"column":6},"end":{"line":80,"column":60}},"type":"binary-expr","locations":[{"start":{"line":80,"column":6},"end":{"line":80,"column":16}},{"start":{"line":80,"column":20},"end":{"line":80,"column":32}},{"start":{"line":80,"column":36},"end":{"line":80,"column":60}}],"line":80},"12":{"loc":{"start":{"line":113,"column":0},"end":{"line":119,"column":1}},"type":"if","locations":[{"start":{"line":113,"column":0},"end":{"line":119,"column":1}},{"start":{},"end":{}}],"line":113}},"s":{"0":1,"1":1,"2":1,"3":1,"4":1,"5":1,"6":1,"7":1,"8":1,"9":1,"10":1,"11":5,"12":5,"13":5,"14":1,"15":1,"16":4,"17":4,"18":1,"19":1,"20":3,"21":3,"22":1,"23":2,"24":0,"25":2,"26":2,"27":1,"28":1,"29":1,"30":1,"31":0,"32":0,"33":0,"34":0,"35":0,"36":1,"37":6,"38":6,"39":1,"40":5,"41":5,"42":5,"43":5,"44":5,"45":5,"46":0,"47":0,"48":0,"49":1,"50":1,"51":1,"52":0,"53":0,"54":0,"55":0,"56":1},"f":{"0":5,"1":6,"2":1,"3":0},"b":{"0":[1,1],"1":[1,4],"2":[1,4],"3":[1,3],"4":[3,0],"5":[1,2],"6":[0,2],"7":[1,1],"8":[2,1],"9":[0,0],"10":[1,5],"11":[6,6,5],"12":[0,1]},"_coverageSchema":"1a1c01bbd47fc00a2c39e90264f33305004495a9","hash":"33f6c14e259d7b8c307a55e06fde23febdce6953"}
}
