TN:
SF:app.js
FN:31,handleUssd
FN:76,(anonymous_1)
FN:104,(anonymous_2)
FN:114,(anonymous_3)
FNF:4
FNH:3
FNDA:5,handleUssd
FNDA:6,(anonymous_1)
FNDA:1,(anonymous_2)
FNDA:0,(anonymous_3)
DA:1,1
DA:2,1
DA:3,1
DA:4,1
DA:6,1
DA:7,1
DA:10,1
DA:11,1
DA:14,1
DA:16,1
DA:28,1
DA:33,5
DA:34,5
DA:36,5
DA:38,1
DA:39,1
DA:42,4
DA:44,4
DA:46,1
DA:47,1
DA:50,3
DA:51,3
DA:52,1
DA:54,2
DA:55,0
DA:57,2
DA:58,2
DA:59,1
DA:60,1
DA:62,1
DA:63,1
DA:66,0
DA:67,0
DA:68,0
DA:71,0
DA:72,0
DA:76,1
DA:77,6
DA:80,6
DA:81,1
DA:87,5
DA:89,5
DA:90,5
DA:91,5
DA:94,5
DA:95,5
DA:97,0
DA:98,0
DA:99,0
DA:104,1
DA:105,1
DA:113,1
DA:114,0
DA:115,0
DA:116,0
DA:117,0
DA:121,1
LF:57
LH:44
BRDA:7,0,0,1
BRDA:7,0,1,1
BRDA:33,1,0,1
BRDA:33,1,1,4
BRDA:36,2,0,1
BRDA:36,2,1,4
BRDA:44,3,0,1
BRDA:44,3,1,3
BRDA:50,4,0,3
BRDA:50,4,1,0
BRDA:51,5,0,1
BRDA:51,5,1,2
BRDA:54,6,0,0
BRDA:54,6,1,2
BRDA:58,7,0,1
BRDA:58,7,1,1
BRDA:58,8,0,2
BRDA:58,8,1,1
BRDA:66,9,0,0
BRDA:66,9,1,0
BRDA:80,10,0,1
BRDA:80,10,1,5
BRDA:80,11,0,6
BRDA:80,11,1,6
BRDA:80,11,2,5
BRDA:113,12,0,0
BRDA:113,12,1,1
BRF:27
BRH:22
end_of_record
